2023-09-13 09:59:15,457 - INFO - sqlalchemy.engine.Engine - MainThread : SELECT DATABASE()
2023-09-13 09:59:15,457 - INFO - sqlalchemy.engine.Engine - MainThread : [raw sql] {}
2023-09-13 09:59:15,459 - INFO - sqlalchemy.engine.Engine - MainThread : SELECT @@sql_mode
2023-09-13 09:59:15,460 - INFO - sqlalchemy.engine.Engine - MainThread : [raw sql] {}
2023-09-13 09:59:15,461 - INFO - sqlalchemy.engine.Engine - MainThread : SELECT @@lower_case_table_names
2023-09-13 09:59:15,461 - INFO - sqlalchemy.engine.Engine - MainThread : [raw sql] {}
2023-09-13 09:59:15,463 - INFO - sqlalchemy.engine.Engine - MainThread : BEGIN (implicit)
2023-09-13 09:59:15,464 - INFO - sqlalchemy.engine.Engine - MainThread : DESCRIBE `employee_database`.`users`
2023-09-13 09:59:15,464 - INFO - sqlalchemy.engine.Engine - MainThread : [raw sql] {}
2023-09-13 09:59:15,469 - INFO - sqlalchemy.engine.Engine - MainThread : DESCRIBE `employee_database`.`candidate`
2023-09-13 09:59:15,469 - INFO - sqlalchemy.engine.Engine - MainThread : [raw sql] {}
2023-09-13 09:59:15,473 - INFO - sqlalchemy.engine.Engine - MainThread : DESCRIBE `employee_database`.`employees`
2023-09-13 09:59:15,473 - INFO - sqlalchemy.engine.Engine - MainThread : [raw sql] {}
2023-09-13 09:59:15,477 - INFO - sqlalchemy.engine.Engine - MainThread : DESCRIBE `employee_database`.`departments`
2023-09-13 09:59:15,477 - INFO - sqlalchemy.engine.Engine - MainThread : [raw sql] {}
2023-09-13 09:59:15,480 - INFO - sqlalchemy.engine.Engine - MainThread : COMMIT
2023-09-13 10:12:43,987 - WARNING - fastapi - MainThread : email-validator not installed, email fields will be treated as str.
To install, run: pip install email-validator
2023-09-13 18:12:06,986 - DEBUG - multipart.multipart - MainThread : Calling on_field_start with no data
2023-09-13 18:12:06,986 - DEBUG - multipart.multipart - MainThread : Calling on_field_name with data[0:10]
2023-09-13 18:12:06,986 - DEBUG - multipart.multipart - MainThread : Calling on_field_data with data[11:19]
2023-09-13 18:12:06,986 - DEBUG - multipart.multipart - MainThread : Calling on_field_end with no data
2023-09-13 18:12:06,986 - DEBUG - multipart.multipart - MainThread : Calling on_field_start with no data
2023-09-13 18:12:06,986 - DEBUG - multipart.multipart - MainThread : Calling on_field_name with data[20:28]
2023-09-13 18:12:06,987 - DEBUG - multipart.multipart - MainThread : Calling on_field_data with data[29:34]
2023-09-13 18:12:06,987 - DEBUG - multipart.multipart - MainThread : Calling on_field_end with no data
2023-09-13 18:12:06,987 - DEBUG - multipart.multipart - MainThread : Calling on_field_start with no data
2023-09-13 18:12:06,987 - DEBUG - multipart.multipart - MainThread : Calling on_field_name with data[35:43]
2023-09-13 18:12:06,987 - DEBUG - multipart.multipart - MainThread : Calling on_field_data with data[44:52]
2023-09-13 18:12:06,987 - DEBUG - multipart.multipart - MainThread : Calling on_field_end with no data
2023-09-13 18:12:06,987 - DEBUG - multipart.multipart - MainThread : Calling on_end with no data
2023-09-13 18:12:07,004 - INFO - sqlalchemy.engine.Engine - MainThread : BEGIN (implicit)
2023-09-13 18:12:11,737 - DEBUG - multipart.multipart - MainThread : Calling on_field_start with no data
2023-09-13 18:12:11,738 - DEBUG - multipart.multipart - MainThread : Calling on_field_name with data[0:10]
2023-09-13 18:12:11,738 - DEBUG - multipart.multipart - MainThread : Calling on_field_data with data[11:19]
2023-09-13 18:12:11,738 - DEBUG - multipart.multipart - MainThread : Calling on_field_end with no data
2023-09-13 18:12:11,738 - DEBUG - multipart.multipart - MainThread : Calling on_field_start with no data
2023-09-13 18:12:11,739 - DEBUG - multipart.multipart - MainThread : Calling on_field_name with data[20:28]
2023-09-13 18:12:11,739 - DEBUG - multipart.multipart - MainThread : Calling on_field_data with data[29:34]
2023-09-13 18:12:11,739 - DEBUG - multipart.multipart - MainThread : Calling on_field_end with no data
2023-09-13 18:12:11,740 - DEBUG - multipart.multipart - MainThread : Calling on_field_start with no data
2023-09-13 18:12:11,740 - DEBUG - multipart.multipart - MainThread : Calling on_field_name with data[35:43]
2023-09-13 18:12:11,740 - DEBUG - multipart.multipart - MainThread : Calling on_field_data with data[44:52]
2023-09-13 18:12:11,741 - DEBUG - multipart.multipart - MainThread : Calling on_field_end with no data
2023-09-13 18:12:11,741 - DEBUG - multipart.multipart - MainThread : Calling on_end with no data
2023-09-13 18:12:11,805 - INFO - sqlalchemy.engine.Engine - MainThread : BEGIN (implicit)
2023-09-13 18:12:11,807 - INFO - sqlalchemy.engine.Engine - MainThread : SELECT users.id AS users_id, users.username AS users_username, users.password AS users_password 
FROM users 
WHERE users.username = %(username_1)s 
 LIMIT %(param_1)s
2023-09-13 18:12:11,807 - INFO - sqlalchemy.engine.Engine - MainThread : [cached since 4.799s ago] {'username_1': 'akhil', 'param_1': 1}
2023-09-13 18:12:11,866 - DEBUG - passlib.handlers.bcrypt - MainThread : detected 'bcrypt' backend, version '4.0.1'
2023-09-13 18:12:11,867 - DEBUG - passlib.handlers.bcrypt - MainThread : 'bcrypt' backend lacks $2$ support, enabling workaround
2023-09-13 18:12:12,274 - INFO - sqlalchemy.engine.Engine - AnyIO worker thread : ROLLBACK
2023-09-13 18:12:30,732 - INFO - sqlalchemy.engine.Engine - MainThread : BEGIN (implicit)
2023-09-13 18:12:30,735 - INFO - sqlalchemy.engine.Engine - MainThread : SELECT users.id AS users_id, users.username AS users_username, users.password AS users_password 
FROM users 
WHERE users.username = %(username_1)s 
 LIMIT %(param_1)s
2023-09-13 18:12:30,737 - INFO - sqlalchemy.engine.Engine - MainThread : [cached since 23.73s ago] {'username_1': 'akhil', 'param_1': 1}
2023-09-13 18:12:30,749 - INFO - sqlalchemy.engine.Engine - AnyIO worker thread : ROLLBACK
2023-09-13 18:14:28,138 - INFO - sqlalchemy.engine.Engine - AnyIO worker thread : BEGIN (implicit)
2023-09-13 18:14:28,141 - INFO - sqlalchemy.engine.Engine - AnyIO worker thread : INSERT INTO users (username, password) VALUES (%(username)s, %(password)s)
2023-09-13 18:14:28,142 - INFO - sqlalchemy.engine.Engine - AnyIO worker thread : [generated in 0.00159s] {'username': 'user', 'password': '$2b$12$HERf4Lx5igW6qDOLLBha9.kNYNx0hVJ2ebAJpi5Ccgofu4B1ZUd2K'}
2023-09-13 18:14:28,151 - INFO - sqlalchemy.engine.Engine - AnyIO worker thread : COMMIT
2023-09-13 18:14:28,159 - INFO - sqlalchemy.engine.Engine - AnyIO worker thread : BEGIN (implicit)
2023-09-13 18:14:28,161 - INFO - sqlalchemy.engine.Engine - AnyIO worker thread : SELECT users.id, users.username, users.password 
FROM users 
WHERE users.id = %(pk_1)s
2023-09-13 18:14:28,162 - INFO - sqlalchemy.engine.Engine - AnyIO worker thread : [generated in 0.00072s] {'pk_1': 3}
2023-09-13 18:14:28,172 - INFO - sqlalchemy.engine.Engine - AnyIO worker thread : ROLLBACK
